2015-04-07 08:49:40 Error: Fatal Error (4): syntax error, unexpected 'public' (T_PUBLIC), expecting ',' or ';' in [/Applications/XAMPP/xamppfiles/htdocs/angular-cakephp-auth/cake-php/app/Controller/UsersController.php, line 6]
2015-04-07 08:49:40 Error: [FatalErrorException] syntax error, unexpected 'public' (T_PUBLIC), expecting ',' or ';'
Request URL: /angular-cakephp-auth/cake-php/users/login
Stack Trace:
#0 /Applications/XAMPP/xamppfiles/htdocs/angular-cakephp-auth/cake-php/lib/Cake/Error/ErrorHandler.php(213): ErrorHandler::handleFatalError(4, 'syntax error, u...', '/Applications/X...', 6)
#1 [internal function]: ErrorHandler::handleError(4, 'syntax error, u...', '/Applications/X...', 6, Array)
#2 /Applications/XAMPP/xamppfiles/htdocs/angular-cakephp-auth/cake-php/lib/Cake/Core/App.php(931): call_user_func('ErrorHandler::h...', 4, 'syntax error, u...', '/Applications/X...', 6, Array)
#3 /Applications/XAMPP/xamppfiles/htdocs/angular-cakephp-auth/cake-php/lib/Cake/Core/App.php(904): App::_checkFatalError()
#4 [internal function]: App::shutdown()
#5 {main}
2015-04-07 08:49:50 Error: [MissingViewException] View file "Users/login.ctp" is missing.
Exception Attributes: array (
  'file' => 'Users/login.ctp',
)
Request URL: /angular-cakephp-auth/cake-php/users/login
Stack Trace:
#0 /Applications/XAMPP/xamppfiles/htdocs/angular-cakephp-auth/cake-php/lib/Cake/View/View.php(470): View->_getViewFileName(NULL)
#1 /Applications/XAMPP/xamppfiles/htdocs/angular-cakephp-auth/cake-php/lib/Cake/Controller/Controller.php(960): View->render(NULL, NULL)
#2 /Applications/XAMPP/xamppfiles/htdocs/angular-cakephp-auth/cake-php/lib/Cake/Routing/Dispatcher.php(200): Controller->render()
#3 /Applications/XAMPP/xamppfiles/htdocs/angular-cakephp-auth/cake-php/lib/Cake/Routing/Dispatcher.php(167): Dispatcher->_invoke(Object(UsersController), Object(CakeRequest))
#4 /Applications/XAMPP/xamppfiles/htdocs/angular-cakephp-auth/cake-php/app/webroot/index.php(118): Dispatcher->dispatch(Object(CakeRequest), Object(CakeResponse))
#5 {main}
2015-04-07 08:50:12 Error: Fatal Error (1): Class 'AuthComponent' not found in [/Applications/XAMPP/xamppfiles/htdocs/angular-cakephp-auth/cake-php/app/Model/User.php, line 6]
2015-04-07 08:50:12 Error: [FatalErrorException] Class 'AuthComponent' not found
Request URL: /angular-cakephp-auth/cake-php/users/login
Stack Trace:
#0 /Applications/XAMPP/xamppfiles/htdocs/angular-cakephp-auth/cake-php/lib/Cake/Error/ErrorHandler.php(213): ErrorHandler::handleFatalError(1, 'Class 'AuthComp...', '/Applications/X...', 6)
#1 [internal function]: ErrorHandler::handleError(1, 'Class 'AuthComp...', '/Applications/X...', 6, Array)
#2 /Applications/XAMPP/xamppfiles/htdocs/angular-cakephp-auth/cake-php/lib/Cake/Core/App.php(931): call_user_func('ErrorHandler::h...', 1, 'Class 'AuthComp...', '/Applications/X...', 6, Array)
#3 /Applications/XAMPP/xamppfiles/htdocs/angular-cakephp-auth/cake-php/lib/Cake/Core/App.php(904): App::_checkFatalError()
#4 [internal function]: App::shutdown()
#5 {main}
2015-04-07 08:51:51 Error: Fatal Error (1): Call to a member function read() on a non-object in [/Applications/XAMPP/xamppfiles/htdocs/angular-cakephp-auth/cake-php/app/Controller/AppController.php, line 40]
2015-04-07 08:51:51 Error: [FatalErrorException] Call to a member function read() on a non-object
Request URL: /angular-cakephp-auth/cake-php/users/login
Stack Trace:
#0 /Applications/XAMPP/xamppfiles/htdocs/angular-cakephp-auth/cake-php/lib/Cake/Error/ErrorHandler.php(213): ErrorHandler::handleFatalError(1, 'Call to a membe...', '/Applications/X...', 40)
#1 [internal function]: ErrorHandler::handleError(1, 'Call to a membe...', '/Applications/X...', 40, Array)
#2 /Applications/XAMPP/xamppfiles/htdocs/angular-cakephp-auth/cake-php/lib/Cake/Core/App.php(931): call_user_func('ErrorHandler::h...', 1, 'Call to a membe...', '/Applications/X...', 40, Array)
#3 /Applications/XAMPP/xamppfiles/htdocs/angular-cakephp-auth/cake-php/lib/Cake/Core/App.php(904): App::_checkFatalError()
#4 [internal function]: App::shutdown()
#5 {main}
2015-04-07 08:52:40 Error: Fatal Error (1): Call to a member function read() on a non-object in [/Applications/XAMPP/xamppfiles/htdocs/angular-cakephp-auth/cake-php/app/Controller/AppController.php, line 40]
2015-04-07 08:52:40 Error: [FatalErrorException] Call to a member function read() on a non-object
Request URL: /angular-cakephp-auth/cake-php/users/login
Stack Trace:
#0 /Applications/XAMPP/xamppfiles/htdocs/angular-cakephp-auth/cake-php/lib/Cake/Error/ErrorHandler.php(213): ErrorHandler::handleFatalError(1, 'Call to a membe...', '/Applications/X...', 40)
#1 [internal function]: ErrorHandler::handleError(1, 'Call to a membe...', '/Applications/X...', 40, Array)
#2 /Applications/XAMPP/xamppfiles/htdocs/angular-cakephp-auth/cake-php/lib/Cake/Core/App.php(931): call_user_func('ErrorHandler::h...', 1, 'Call to a membe...', '/Applications/X...', 40, Array)
#3 /Applications/XAMPP/xamppfiles/htdocs/angular-cakephp-auth/cake-php/lib/Cake/Core/App.php(904): App::_checkFatalError()
#4 [internal function]: App::shutdown()
#5 {main}
2015-04-07 08:52:45 Error: Fatal Error (1): Call to a member function read() on a non-object in [/Applications/XAMPP/xamppfiles/htdocs/angular-cakephp-auth/cake-php/app/Controller/AppController.php, line 40]
2015-04-07 08:52:45 Error: [FatalErrorException] Call to a member function read() on a non-object
Request URL: /angular-cakephp-auth/cake-php/users/login
Stack Trace:
#0 /Applications/XAMPP/xamppfiles/htdocs/angular-cakephp-auth/cake-php/lib/Cake/Error/ErrorHandler.php(213): ErrorHandler::handleFatalError(1, 'Call to a membe...', '/Applications/X...', 40)
#1 [internal function]: ErrorHandler::handleError(1, 'Call to a membe...', '/Applications/X...', 40, Array)
#2 /Applications/XAMPP/xamppfiles/htdocs/angular-cakephp-auth/cake-php/lib/Cake/Core/App.php(931): call_user_func('ErrorHandler::h...', 1, 'Call to a membe...', '/Applications/X...', 40, Array)
#3 /Applications/XAMPP/xamppfiles/htdocs/angular-cakephp-auth/cake-php/lib/Cake/Core/App.php(904): App::_checkFatalError()
#4 [internal function]: App::shutdown()
#5 {main}
2015-04-07 08:52:46 Error: Fatal Error (1): Call to a member function read() on a non-object in [/Applications/XAMPP/xamppfiles/htdocs/angular-cakephp-auth/cake-php/app/Controller/AppController.php, line 40]
2015-04-07 08:52:46 Error: [FatalErrorException] Call to a member function read() on a non-object
Request URL: /angular-cakephp-auth/cake-php/users/login
Stack Trace:
#0 /Applications/XAMPP/xamppfiles/htdocs/angular-cakephp-auth/cake-php/lib/Cake/Error/ErrorHandler.php(213): ErrorHandler::handleFatalError(1, 'Call to a membe...', '/Applications/X...', 40)
#1 [internal function]: ErrorHandler::handleError(1, 'Call to a membe...', '/Applications/X...', 40, Array)
#2 /Applications/XAMPP/xamppfiles/htdocs/angular-cakephp-auth/cake-php/lib/Cake/Core/App.php(931): call_user_func('ErrorHandler::h...', 1, 'Call to a membe...', '/Applications/X...', 40, Array)
#3 /Applications/XAMPP/xamppfiles/htdocs/angular-cakephp-auth/cake-php/lib/Cake/Core/App.php(904): App::_checkFatalError()
#4 [internal function]: App::shutdown()
#5 {main}
2015-04-07 08:52:46 Error: Fatal Error (1): Call to a member function read() on a non-object in [/Applications/XAMPP/xamppfiles/htdocs/angular-cakephp-auth/cake-php/app/Controller/AppController.php, line 40]
2015-04-07 08:52:46 Error: [FatalErrorException] Call to a member function read() on a non-object
Request URL: /angular-cakephp-auth/cake-php/users/login
Stack Trace:
#0 /Applications/XAMPP/xamppfiles/htdocs/angular-cakephp-auth/cake-php/lib/Cake/Error/ErrorHandler.php(213): ErrorHandler::handleFatalError(1, 'Call to a membe...', '/Applications/X...', 40)
#1 [internal function]: ErrorHandler::handleError(1, 'Call to a membe...', '/Applications/X...', 40, Array)
#2 /Applications/XAMPP/xamppfiles/htdocs/angular-cakephp-auth/cake-php/lib/Cake/Core/App.php(931): call_user_func('ErrorHandler::h...', 1, 'Call to a membe...', '/Applications/X...', 40, Array)
#3 /Applications/XAMPP/xamppfiles/htdocs/angular-cakephp-auth/cake-php/lib/Cake/Core/App.php(904): App::_checkFatalError()
#4 [internal function]: App::shutdown()
#5 {main}
2015-04-07 08:53:18 Error: Fatal Error (1): Call to a member function read() on a non-object in [/Applications/XAMPP/xamppfiles/htdocs/angular-cakephp-auth/cake-php/app/Controller/AppController.php, line 40]
2015-04-07 08:53:18 Error: [FatalErrorException] Call to a member function read() on a non-object
Request URL: /angular-cakephp-auth/cake-php/users/login
Stack Trace:
#0 /Applications/XAMPP/xamppfiles/htdocs/angular-cakephp-auth/cake-php/lib/Cake/Error/ErrorHandler.php(213): ErrorHandler::handleFatalError(1, 'Call to a membe...', '/Applications/X...', 40)
#1 [internal function]: ErrorHandler::handleError(1, 'Call to a membe...', '/Applications/X...', 40, Array)
#2 /Applications/XAMPP/xamppfiles/htdocs/angular-cakephp-auth/cake-php/lib/Cake/Core/App.php(931): call_user_func('ErrorHandler::h...', 1, 'Call to a membe...', '/Applications/X...', 40, Array)
#3 /Applications/XAMPP/xamppfiles/htdocs/angular-cakephp-auth/cake-php/lib/Cake/Core/App.php(904): App::_checkFatalError()
#4 [internal function]: App::shutdown()
#5 {main}
2015-04-07 08:54:01 Error: [MissingViewException] View file "Users/login.ctp" is missing.
Exception Attributes: array (
  'file' => 'Users/login.ctp',
)
Request URL: /angular-cakephp-auth/cake-php/users/login
Stack Trace:
#0 /Applications/XAMPP/xamppfiles/htdocs/angular-cakephp-auth/cake-php/lib/Cake/View/View.php(470): View->_getViewFileName(NULL)
#1 /Applications/XAMPP/xamppfiles/htdocs/angular-cakephp-auth/cake-php/lib/Cake/Controller/Controller.php(960): View->render(NULL, NULL)
#2 /Applications/XAMPP/xamppfiles/htdocs/angular-cakephp-auth/cake-php/lib/Cake/Routing/Dispatcher.php(200): Controller->render()
#3 /Applications/XAMPP/xamppfiles/htdocs/angular-cakephp-auth/cake-php/lib/Cake/Routing/Dispatcher.php(167): Dispatcher->_invoke(Object(UsersController), Object(CakeRequest))
#4 /Applications/XAMPP/xamppfiles/htdocs/angular-cakephp-auth/cake-php/app/webroot/index.php(118): Dispatcher->dispatch(Object(CakeRequest), Object(CakeResponse))
#5 {main}
2015-04-07 08:58:16 Error: [MissingViewException] View file "Users/login.ctp" is missing.
Exception Attributes: array (
  'file' => 'Users/login.ctp',
)
Request URL: /angular-cakephp-auth/cake-php/users/login
Stack Trace:
#0 /Applications/XAMPP/xamppfiles/htdocs/angular-cakephp-auth/cake-php/lib/Cake/View/View.php(470): View->_getViewFileName(NULL)
#1 /Applications/XAMPP/xamppfiles/htdocs/angular-cakephp-auth/cake-php/lib/Cake/Controller/Controller.php(960): View->render(NULL, NULL)
#2 /Applications/XAMPP/xamppfiles/htdocs/angular-cakephp-auth/cake-php/lib/Cake/Routing/Dispatcher.php(200): Controller->render()
#3 /Applications/XAMPP/xamppfiles/htdocs/angular-cakephp-auth/cake-php/lib/Cake/Routing/Dispatcher.php(167): Dispatcher->_invoke(Object(UsersController), Object(CakeRequest))
#4 /Applications/XAMPP/xamppfiles/htdocs/angular-cakephp-auth/cake-php/app/webroot/index.php(118): Dispatcher->dispatch(Object(CakeRequest), Object(CakeResponse))
#5 {main}
2015-04-07 08:58:23 Error: [MissingViewException] View file "Users/login.ctp" is missing.
Exception Attributes: array (
  'file' => 'Users/login.ctp',
)
Request URL: /angular-cakephp-auth/cake-php/users/login
Stack Trace:
#0 /Applications/XAMPP/xamppfiles/htdocs/angular-cakephp-auth/cake-php/lib/Cake/View/View.php(470): View->_getViewFileName(NULL)
#1 /Applications/XAMPP/xamppfiles/htdocs/angular-cakephp-auth/cake-php/lib/Cake/Controller/Controller.php(960): View->render(NULL, NULL)
#2 /Applications/XAMPP/xamppfiles/htdocs/angular-cakephp-auth/cake-php/lib/Cake/Routing/Dispatcher.php(200): Controller->render()
#3 /Applications/XAMPP/xamppfiles/htdocs/angular-cakephp-auth/cake-php/lib/Cake/Routing/Dispatcher.php(167): Dispatcher->_invoke(Object(UsersController), Object(CakeRequest))
#4 /Applications/XAMPP/xamppfiles/htdocs/angular-cakephp-auth/cake-php/app/webroot/index.php(118): Dispatcher->dispatch(Object(CakeRequest), Object(CakeResponse))
#5 {main}
2015-04-07 08:58:24 Error: [MissingViewException] View file "Users/login.ctp" is missing.
Exception Attributes: array (
  'file' => 'Users/login.ctp',
)
Request URL: /angular-cakephp-auth/cake-php/users/login
Stack Trace:
#0 /Applications/XAMPP/xamppfiles/htdocs/angular-cakephp-auth/cake-php/lib/Cake/View/View.php(470): View->_getViewFileName(NULL)
#1 /Applications/XAMPP/xamppfiles/htdocs/angular-cakephp-auth/cake-php/lib/Cake/Controller/Controller.php(960): View->render(NULL, NULL)
#2 /Applications/XAMPP/xamppfiles/htdocs/angular-cakephp-auth/cake-php/lib/Cake/Routing/Dispatcher.php(200): Controller->render()
#3 /Applications/XAMPP/xamppfiles/htdocs/angular-cakephp-auth/cake-php/lib/Cake/Routing/Dispatcher.php(167): Dispatcher->_invoke(Object(UsersController), Object(CakeRequest))
#4 /Applications/XAMPP/xamppfiles/htdocs/angular-cakephp-auth/cake-php/app/webroot/index.php(118): Dispatcher->dispatch(Object(CakeRequest), Object(CakeResponse))
#5 {main}
2015-04-07 08:58:47 Error: [MissingViewException] View file "Users/login.ctp" is missing.
Exception Attributes: array (
  'file' => 'Users/login.ctp',
)
Request URL: /angular-cakephp-auth/cake-php/users/login
Stack Trace:
#0 /Applications/XAMPP/xamppfiles/htdocs/angular-cakephp-auth/cake-php/lib/Cake/View/View.php(470): View->_getViewFileName(NULL)
#1 /Applications/XAMPP/xamppfiles/htdocs/angular-cakephp-auth/cake-php/lib/Cake/Controller/Controller.php(960): View->render(NULL, NULL)
#2 /Applications/XAMPP/xamppfiles/htdocs/angular-cakephp-auth/cake-php/lib/Cake/Routing/Dispatcher.php(200): Controller->render()
#3 /Applications/XAMPP/xamppfiles/htdocs/angular-cakephp-auth/cake-php/lib/Cake/Routing/Dispatcher.php(167): Dispatcher->_invoke(Object(UsersController), Object(CakeRequest))
#4 /Applications/XAMPP/xamppfiles/htdocs/angular-cakephp-auth/cake-php/app/webroot/index.php(118): Dispatcher->dispatch(Object(CakeRequest), Object(CakeResponse))
#5 {main}
2015-04-07 09:01:05 Error: Fatal Error (4): syntax error, unexpected ';', expecting ')' in [/Applications/XAMPP/xamppfiles/htdocs/angular-cakephp-auth/cake-php/app/Controller/UsersController.php, line 22]
2015-04-07 09:01:05 Error: [FatalErrorException] syntax error, unexpected ';', expecting ')'
Request URL: /angular-cakephp-auth/cake-php/users/login
Stack Trace:
#0 /Applications/XAMPP/xamppfiles/htdocs/angular-cakephp-auth/cake-php/lib/Cake/Error/ErrorHandler.php(213): ErrorHandler::handleFatalError(4, 'syntax error, u...', '/Applications/X...', 22)
#1 [internal function]: ErrorHandler::handleError(4, 'syntax error, u...', '/Applications/X...', 22, Array)
#2 /Applications/XAMPP/xamppfiles/htdocs/angular-cakephp-auth/cake-php/lib/Cake/Core/App.php(931): call_user_func('ErrorHandler::h...', 4, 'syntax error, u...', '/Applications/X...', 22, Array)
#3 /Applications/XAMPP/xamppfiles/htdocs/angular-cakephp-auth/cake-php/lib/Cake/Core/App.php(904): App::_checkFatalError()
#4 [internal function]: App::shutdown()
#5 {main}
2015-04-07 09:01:12 Error: [MissingViewException] View file "Users/login.ctp" is missing.
Exception Attributes: array (
  'file' => 'Users/login.ctp',
)
Request URL: /angular-cakephp-auth/cake-php/users/login
Stack Trace:
#0 /Applications/XAMPP/xamppfiles/htdocs/angular-cakephp-auth/cake-php/lib/Cake/View/View.php(470): View->_getViewFileName(NULL)
#1 /Applications/XAMPP/xamppfiles/htdocs/angular-cakephp-auth/cake-php/lib/Cake/Controller/Controller.php(960): View->render(NULL, NULL)
#2 /Applications/XAMPP/xamppfiles/htdocs/angular-cakephp-auth/cake-php/lib/Cake/Routing/Dispatcher.php(200): Controller->render()
#3 /Applications/XAMPP/xamppfiles/htdocs/angular-cakephp-auth/cake-php/lib/Cake/Routing/Dispatcher.php(167): Dispatcher->_invoke(Object(UsersController), Object(CakeRequest))
#4 /Applications/XAMPP/xamppfiles/htdocs/angular-cakephp-auth/cake-php/app/webroot/index.php(118): Dispatcher->dispatch(Object(CakeRequest), Object(CakeResponse))
#5 {main}
2015-04-07 09:07:12 Error: [MissingViewException] View file "Users/login.ctp" is missing.
Exception Attributes: array (
  'file' => 'Users/login.ctp',
)
Request URL: /angular-cakephp-auth/cake-php/users/login
Stack Trace:
#0 /Applications/XAMPP/xamppfiles/htdocs/angular-cakephp-auth/cake-php/lib/Cake/View/View.php(470): View->_getViewFileName(NULL)
#1 /Applications/XAMPP/xamppfiles/htdocs/angular-cakephp-auth/cake-php/lib/Cake/Controller/Controller.php(960): View->render(NULL, NULL)
#2 /Applications/XAMPP/xamppfiles/htdocs/angular-cakephp-auth/cake-php/lib/Cake/Routing/Dispatcher.php(200): Controller->render()
#3 /Applications/XAMPP/xamppfiles/htdocs/angular-cakephp-auth/cake-php/lib/Cake/Routing/Dispatcher.php(167): Dispatcher->_invoke(Object(UsersController), Object(CakeRequest))
#4 /Applications/XAMPP/xamppfiles/htdocs/angular-cakephp-auth/cake-php/app/webroot/index.php(118): Dispatcher->dispatch(Object(CakeRequest), Object(CakeResponse))
#5 {main}
2015-04-07 09:07:13 Error: [MissingViewException] View file "Users/login.ctp" is missing.
Exception Attributes: array (
  'file' => 'Users/login.ctp',
)
Request URL: /angular-cakephp-auth/cake-php/users/login
Stack Trace:
#0 /Applications/XAMPP/xamppfiles/htdocs/angular-cakephp-auth/cake-php/lib/Cake/View/View.php(470): View->_getViewFileName(NULL)
#1 /Applications/XAMPP/xamppfiles/htdocs/angular-cakephp-auth/cake-php/lib/Cake/Controller/Controller.php(960): View->render(NULL, NULL)
#2 /Applications/XAMPP/xamppfiles/htdocs/angular-cakephp-auth/cake-php/lib/Cake/Routing/Dispatcher.php(200): Controller->render()
#3 /Applications/XAMPP/xamppfiles/htdocs/angular-cakephp-auth/cake-php/lib/Cake/Routing/Dispatcher.php(167): Dispatcher->_invoke(Object(UsersController), Object(CakeRequest))
#4 /Applications/XAMPP/xamppfiles/htdocs/angular-cakephp-auth/cake-php/app/webroot/index.php(118): Dispatcher->dispatch(Object(CakeRequest), Object(CakeResponse))
#5 {main}
2015-04-07 09:07:13 Error: [MissingViewException] View file "Users/login.ctp" is missing.
Exception Attributes: array (
  'file' => 'Users/login.ctp',
)
Request URL: /angular-cakephp-auth/cake-php/users/login
Stack Trace:
#0 /Applications/XAMPP/xamppfiles/htdocs/angular-cakephp-auth/cake-php/lib/Cake/View/View.php(470): View->_getViewFileName(NULL)
#1 /Applications/XAMPP/xamppfiles/htdocs/angular-cakephp-auth/cake-php/lib/Cake/Controller/Controller.php(960): View->render(NULL, NULL)
#2 /Applications/XAMPP/xamppfiles/htdocs/angular-cakephp-auth/cake-php/lib/Cake/Routing/Dispatcher.php(200): Controller->render()
#3 /Applications/XAMPP/xamppfiles/htdocs/angular-cakephp-auth/cake-php/lib/Cake/Routing/Dispatcher.php(167): Dispatcher->_invoke(Object(UsersController), Object(CakeRequest))
#4 /Applications/XAMPP/xamppfiles/htdocs/angular-cakephp-auth/cake-php/app/webroot/index.php(118): Dispatcher->dispatch(Object(CakeRequest), Object(CakeResponse))
#5 {main}
2015-04-07 09:07:30 Error: [MissingViewException] View file "Users/login.ctp" is missing.
Exception Attributes: array (
  'file' => 'Users/login.ctp',
)
Request URL: /angular-cakephp-auth/cake-php/users/login
Stack Trace:
#0 /Applications/XAMPP/xamppfiles/htdocs/angular-cakephp-auth/cake-php/lib/Cake/View/View.php(470): View->_getViewFileName(NULL)
#1 /Applications/XAMPP/xamppfiles/htdocs/angular-cakephp-auth/cake-php/lib/Cake/Controller/Controller.php(960): View->render(NULL, NULL)
#2 /Applications/XAMPP/xamppfiles/htdocs/angular-cakephp-auth/cake-php/lib/Cake/Routing/Dispatcher.php(200): Controller->render()
#3 /Applications/XAMPP/xamppfiles/htdocs/angular-cakephp-auth/cake-php/lib/Cake/Routing/Dispatcher.php(167): Dispatcher->_invoke(Object(UsersController), Object(CakeRequest))
#4 /Applications/XAMPP/xamppfiles/htdocs/angular-cakephp-auth/cake-php/app/webroot/index.php(118): Dispatcher->dispatch(Object(CakeRequest), Object(CakeResponse))
#5 {main}
2015-04-07 09:07:31 Error: [MissingViewException] View file "Users/login.ctp" is missing.
Exception Attributes: array (
  'file' => 'Users/login.ctp',
)
Request URL: /angular-cakephp-auth/cake-php/users/login
Stack Trace:
#0 /Applications/XAMPP/xamppfiles/htdocs/angular-cakephp-auth/cake-php/lib/Cake/View/View.php(470): View->_getViewFileName(NULL)
#1 /Applications/XAMPP/xamppfiles/htdocs/angular-cakephp-auth/cake-php/lib/Cake/Controller/Controller.php(960): View->render(NULL, NULL)
#2 /Applications/XAMPP/xamppfiles/htdocs/angular-cakephp-auth/cake-php/lib/Cake/Routing/Dispatcher.php(200): Controller->render()
#3 /Applications/XAMPP/xamppfiles/htdocs/angular-cakephp-auth/cake-php/lib/Cake/Routing/Dispatcher.php(167): Dispatcher->_invoke(Object(UsersController), Object(CakeRequest))
#4 /Applications/XAMPP/xamppfiles/htdocs/angular-cakephp-auth/cake-php/app/webroot/index.php(118): Dispatcher->dispatch(Object(CakeRequest), Object(CakeResponse))
#5 {main}
2015-04-07 09:09:52 Error: [MissingViewException] View file "Users/login.ctp" is missing.
Exception Attributes: array (
  'file' => 'Users/login.ctp',
)
Request URL: /angular-cakephp-auth/cake-php/users/login
Stack Trace:
#0 /Applications/XAMPP/xamppfiles/htdocs/angular-cakephp-auth/cake-php/lib/Cake/View/View.php(470): View->_getViewFileName(NULL)
#1 /Applications/XAMPP/xamppfiles/htdocs/angular-cakephp-auth/cake-php/lib/Cake/Controller/Controller.php(960): View->render(NULL, NULL)
#2 /Applications/XAMPP/xamppfiles/htdocs/angular-cakephp-auth/cake-php/lib/Cake/Routing/Dispatcher.php(200): Controller->render()
#3 /Applications/XAMPP/xamppfiles/htdocs/angular-cakephp-auth/cake-php/lib/Cake/Routing/Dispatcher.php(167): Dispatcher->_invoke(Object(UsersController), Object(CakeRequest))
#4 /Applications/XAMPP/xamppfiles/htdocs/angular-cakephp-auth/cake-php/app/webroot/index.php(118): Dispatcher->dispatch(Object(CakeRequest), Object(CakeResponse))
#5 {main}
2015-04-07 09:10:13 Error: [MissingViewException] View file "Users/login.ctp" is missing.
Exception Attributes: array (
  'file' => 'Users/login.ctp',
)
Request URL: /angular-cakephp-auth/cake-php/users/login
Stack Trace:
#0 /Applications/XAMPP/xamppfiles/htdocs/angular-cakephp-auth/cake-php/lib/Cake/View/View.php(470): View->_getViewFileName(NULL)
#1 /Applications/XAMPP/xamppfiles/htdocs/angular-cakephp-auth/cake-php/lib/Cake/Controller/Controller.php(960): View->render(NULL, NULL)
#2 /Applications/XAMPP/xamppfiles/htdocs/angular-cakephp-auth/cake-php/lib/Cake/Routing/Dispatcher.php(200): Controller->render()
#3 /Applications/XAMPP/xamppfiles/htdocs/angular-cakephp-auth/cake-php/lib/Cake/Routing/Dispatcher.php(167): Dispatcher->_invoke(Object(UsersController), Object(CakeRequest))
#4 /Applications/XAMPP/xamppfiles/htdocs/angular-cakephp-auth/cake-php/app/webroot/index.php(118): Dispatcher->dispatch(Object(CakeRequest), Object(CakeResponse))
#5 {main}
2015-04-07 09:10:14 Error: [MissingViewException] View file "Users/login.ctp" is missing.
Exception Attributes: array (
  'file' => 'Users/login.ctp',
)
Request URL: /angular-cakephp-auth/cake-php/users/login
Stack Trace:
#0 /Applications/XAMPP/xamppfiles/htdocs/angular-cakephp-auth/cake-php/lib/Cake/View/View.php(470): View->_getViewFileName(NULL)
#1 /Applications/XAMPP/xamppfiles/htdocs/angular-cakephp-auth/cake-php/lib/Cake/Controller/Controller.php(960): View->render(NULL, NULL)
#2 /Applications/XAMPP/xamppfiles/htdocs/angular-cakephp-auth/cake-php/lib/Cake/Routing/Dispatcher.php(200): Controller->render()
#3 /Applications/XAMPP/xamppfiles/htdocs/angular-cakephp-auth/cake-php/lib/Cake/Routing/Dispatcher.php(167): Dispatcher->_invoke(Object(UsersController), Object(CakeRequest))
#4 /Applications/XAMPP/xamppfiles/htdocs/angular-cakephp-auth/cake-php/app/webroot/index.php(118): Dispatcher->dispatch(Object(CakeRequest), Object(CakeResponse))
#5 {main}
2015-04-07 09:13:12 Error: [MissingViewException] View file "Users/login.ctp" is missing.
Exception Attributes: array (
  'file' => 'Users/login.ctp',
)
Request URL: /angular-cakephp-auth/cake-php/users/login
Stack Trace:
#0 /Applications/XAMPP/xamppfiles/htdocs/angular-cakephp-auth/cake-php/lib/Cake/View/View.php(470): View->_getViewFileName(NULL)
#1 /Applications/XAMPP/xamppfiles/htdocs/angular-cakephp-auth/cake-php/lib/Cake/Controller/Controller.php(960): View->render(NULL, NULL)
#2 /Applications/XAMPP/xamppfiles/htdocs/angular-cakephp-auth/cake-php/lib/Cake/Routing/Dispatcher.php(200): Controller->render()
#3 /Applications/XAMPP/xamppfiles/htdocs/angular-cakephp-auth/cake-php/lib/Cake/Routing/Dispatcher.php(167): Dispatcher->_invoke(Object(UsersController), Object(CakeRequest))
#4 /Applications/XAMPP/xamppfiles/htdocs/angular-cakephp-auth/cake-php/app/webroot/index.php(118): Dispatcher->dispatch(Object(CakeRequest), Object(CakeResponse))
#5 {main}
2015-04-07 09:14:27 Error: [MissingViewException] View file "Users/login.ctp" is missing.
Exception Attributes: array (
  'file' => 'Users/login.ctp',
)
Request URL: /angular-cakephp-auth/cake-php/users/login
Stack Trace:
#0 /Applications/XAMPP/xamppfiles/htdocs/angular-cakephp-auth/cake-php/lib/Cake/View/View.php(470): View->_getViewFileName(NULL)
#1 /Applications/XAMPP/xamppfiles/htdocs/angular-cakephp-auth/cake-php/lib/Cake/Controller/Controller.php(960): View->render(NULL, NULL)
#2 /Applications/XAMPP/xamppfiles/htdocs/angular-cakephp-auth/cake-php/lib/Cake/Routing/Dispatcher.php(200): Controller->render()
#3 /Applications/XAMPP/xamppfiles/htdocs/angular-cakephp-auth/cake-php/lib/Cake/Routing/Dispatcher.php(167): Dispatcher->_invoke(Object(UsersController), Object(CakeRequest))
#4 /Applications/XAMPP/xamppfiles/htdocs/angular-cakephp-auth/cake-php/app/webroot/index.php(118): Dispatcher->dispatch(Object(CakeRequest), Object(CakeResponse))
#5 {main}
2015-04-07 09:14:48 Error: [MissingViewException] View file "Users/login.ctp" is missing.
Exception Attributes: array (
  'file' => 'Users/login.ctp',
)
Request URL: /angular-cakephp-auth/cake-php/users/login
Stack Trace:
#0 /Applications/XAMPP/xamppfiles/htdocs/angular-cakephp-auth/cake-php/lib/Cake/View/View.php(470): View->_getViewFileName(NULL)
#1 /Applications/XAMPP/xamppfiles/htdocs/angular-cakephp-auth/cake-php/lib/Cake/Controller/Controller.php(960): View->render(NULL, NULL)
#2 /Applications/XAMPP/xamppfiles/htdocs/angular-cakephp-auth/cake-php/lib/Cake/Routing/Dispatcher.php(200): Controller->render()
#3 /Applications/XAMPP/xamppfiles/htdocs/angular-cakephp-auth/cake-php/lib/Cake/Routing/Dispatcher.php(167): Dispatcher->_invoke(Object(UsersController), Object(CakeRequest))
#4 /Applications/XAMPP/xamppfiles/htdocs/angular-cakephp-auth/cake-php/app/webroot/index.php(118): Dispatcher->dispatch(Object(CakeRequest), Object(CakeResponse))
#5 {main}
2015-04-07 09:14:56 Error: [MissingViewException] View file "Users/login.ctp" is missing.
Exception Attributes: array (
  'file' => 'Users/login.ctp',
)
Request URL: /angular-cakephp-auth/cake-php/users/login
Stack Trace:
#0 /Applications/XAMPP/xamppfiles/htdocs/angular-cakephp-auth/cake-php/lib/Cake/View/View.php(470): View->_getViewFileName(NULL)
#1 /Applications/XAMPP/xamppfiles/htdocs/angular-cakephp-auth/cake-php/lib/Cake/Controller/Controller.php(960): View->render(NULL, NULL)
#2 /Applications/XAMPP/xamppfiles/htdocs/angular-cakephp-auth/cake-php/lib/Cake/Routing/Dispatcher.php(200): Controller->render()
#3 /Applications/XAMPP/xamppfiles/htdocs/angular-cakephp-auth/cake-php/lib/Cake/Routing/Dispatcher.php(167): Dispatcher->_invoke(Object(UsersController), Object(CakeRequest))
#4 /Applications/XAMPP/xamppfiles/htdocs/angular-cakephp-auth/cake-php/app/webroot/index.php(118): Dispatcher->dispatch(Object(CakeRequest), Object(CakeResponse))
#5 {main}
2015-04-07 09:15:32 Error: [MissingViewException] View file "Users/login.ctp" is missing.
Exception Attributes: array (
  'file' => 'Users/login.ctp',
)
Request URL: /angular-cakephp-auth/cake-php/users/login
Stack Trace:
#0 /Applications/XAMPP/xamppfiles/htdocs/angular-cakephp-auth/cake-php/lib/Cake/View/View.php(470): View->_getViewFileName(NULL)
#1 /Applications/XAMPP/xamppfiles/htdocs/angular-cakephp-auth/cake-php/lib/Cake/Controller/Controller.php(960): View->render(NULL, NULL)
#2 /Applications/XAMPP/xamppfiles/htdocs/angular-cakephp-auth/cake-php/lib/Cake/Routing/Dispatcher.php(200): Controller->render()
#3 /Applications/XAMPP/xamppfiles/htdocs/angular-cakephp-auth/cake-php/lib/Cake/Routing/Dispatcher.php(167): Dispatcher->_invoke(Object(UsersController), Object(CakeRequest))
#4 /Applications/XAMPP/xamppfiles/htdocs/angular-cakephp-auth/cake-php/app/webroot/index.php(118): Dispatcher->dispatch(Object(CakeRequest), Object(CakeResponse))
#5 {main}
2015-04-07 09:15:48 Error: [MissingViewException] View file "Users/login.ctp" is missing.
Exception Attributes: array (
  'file' => 'Users/login.ctp',
)
Request URL: /angular-cakephp-auth/cake-php/users/login
Stack Trace:
#0 /Applications/XAMPP/xamppfiles/htdocs/angular-cakephp-auth/cake-php/lib/Cake/View/View.php(470): View->_getViewFileName(NULL)
#1 /Applications/XAMPP/xamppfiles/htdocs/angular-cakephp-auth/cake-php/lib/Cake/Controller/Controller.php(960): View->render(NULL, NULL)
#2 /Applications/XAMPP/xamppfiles/htdocs/angular-cakephp-auth/cake-php/lib/Cake/Routing/Dispatcher.php(200): Controller->render()
#3 /Applications/XAMPP/xamppfiles/htdocs/angular-cakephp-auth/cake-php/lib/Cake/Routing/Dispatcher.php(167): Dispatcher->_invoke(Object(UsersController), Object(CakeRequest))
#4 /Applications/XAMPP/xamppfiles/htdocs/angular-cakephp-auth/cake-php/app/webroot/index.php(118): Dispatcher->dispatch(Object(CakeRequest), Object(CakeResponse))
#5 {main}
2015-04-07 09:15:49 Error: [MissingViewException] View file "Users/login.ctp" is missing.
Exception Attributes: array (
  'file' => 'Users/login.ctp',
)
Request URL: /angular-cakephp-auth/cake-php/users/login
Stack Trace:
#0 /Applications/XAMPP/xamppfiles/htdocs/angular-cakephp-auth/cake-php/lib/Cake/View/View.php(470): View->_getViewFileName(NULL)
#1 /Applications/XAMPP/xamppfiles/htdocs/angular-cakephp-auth/cake-php/lib/Cake/Controller/Controller.php(960): View->render(NULL, NULL)
#2 /Applications/XAMPP/xamppfiles/htdocs/angular-cakephp-auth/cake-php/lib/Cake/Routing/Dispatcher.php(200): Controller->render()
#3 /Applications/XAMPP/xamppfiles/htdocs/angular-cakephp-auth/cake-php/lib/Cake/Routing/Dispatcher.php(167): Dispatcher->_invoke(Object(UsersController), Object(CakeRequest))
#4 /Applications/XAMPP/xamppfiles/htdocs/angular-cakephp-auth/cake-php/app/webroot/index.php(118): Dispatcher->dispatch(Object(CakeRequest), Object(CakeResponse))
#5 {main}
2015-04-07 09:15:49 Error: [MissingViewException] View file "Users/login.ctp" is missing.
Exception Attributes: array (
  'file' => 'Users/login.ctp',
)
Request URL: /angular-cakephp-auth/cake-php/users/login
Stack Trace:
#0 /Applications/XAMPP/xamppfiles/htdocs/angular-cakephp-auth/cake-php/lib/Cake/View/View.php(470): View->_getViewFileName(NULL)
#1 /Applications/XAMPP/xamppfiles/htdocs/angular-cakephp-auth/cake-php/lib/Cake/Controller/Controller.php(960): View->render(NULL, NULL)
#2 /Applications/XAMPP/xamppfiles/htdocs/angular-cakephp-auth/cake-php/lib/Cake/Routing/Dispatcher.php(200): Controller->render()
#3 /Applications/XAMPP/xamppfiles/htdocs/angular-cakephp-auth/cake-php/lib/Cake/Routing/Dispatcher.php(167): Dispatcher->_invoke(Object(UsersController), Object(CakeRequest))
#4 /Applications/XAMPP/xamppfiles/htdocs/angular-cakephp-auth/cake-php/app/webroot/index.php(118): Dispatcher->dispatch(Object(CakeRequest), Object(CakeResponse))
#5 {main}
2015-04-07 09:15:50 Error: [MissingViewException] View file "Users/login.ctp" is missing.
Exception Attributes: array (
  'file' => 'Users/login.ctp',
)
Request URL: /angular-cakephp-auth/cake-php/users/login
Stack Trace:
#0 /Applications/XAMPP/xamppfiles/htdocs/angular-cakephp-auth/cake-php/lib/Cake/View/View.php(470): View->_getViewFileName(NULL)
#1 /Applications/XAMPP/xamppfiles/htdocs/angular-cakephp-auth/cake-php/lib/Cake/Controller/Controller.php(960): View->render(NULL, NULL)
#2 /Applications/XAMPP/xamppfiles/htdocs/angular-cakephp-auth/cake-php/lib/Cake/Routing/Dispatcher.php(200): Controller->render()
#3 /Applications/XAMPP/xamppfiles/htdocs/angular-cakephp-auth/cake-php/lib/Cake/Routing/Dispatcher.php(167): Dispatcher->_invoke(Object(UsersController), Object(CakeRequest))
#4 /Applications/XAMPP/xamppfiles/htdocs/angular-cakephp-auth/cake-php/app/webroot/index.php(118): Dispatcher->dispatch(Object(CakeRequest), Object(CakeResponse))
#5 {main}
2015-04-07 09:16:10 Error: [MissingViewException] View file "Users/login.ctp" is missing.
Exception Attributes: array (
  'file' => 'Users/login.ctp',
)
Request URL: /angular-cakephp-auth/cake-php/users/login
Stack Trace:
#0 /Applications/XAMPP/xamppfiles/htdocs/angular-cakephp-auth/cake-php/lib/Cake/View/View.php(470): View->_getViewFileName(NULL)
#1 /Applications/XAMPP/xamppfiles/htdocs/angular-cakephp-auth/cake-php/lib/Cake/Controller/Controller.php(960): View->render(NULL, NULL)
#2 /Applications/XAMPP/xamppfiles/htdocs/angular-cakephp-auth/cake-php/lib/Cake/Routing/Dispatcher.php(200): Controller->render()
#3 /Applications/XAMPP/xamppfiles/htdocs/angular-cakephp-auth/cake-php/lib/Cake/Routing/Dispatcher.php(167): Dispatcher->_invoke(Object(UsersController), Object(CakeRequest))
#4 /Applications/XAMPP/xamppfiles/htdocs/angular-cakephp-auth/cake-php/app/webroot/index.php(118): Dispatcher->dispatch(Object(CakeRequest), Object(CakeResponse))
#5 {main}
2015-04-07 09:16:10 Error: [MissingViewException] View file "Users/login.ctp" is missing.
Exception Attributes: array (
  'file' => 'Users/login.ctp',
)
Request URL: /angular-cakephp-auth/cake-php/users/login
Stack Trace:
#0 /Applications/XAMPP/xamppfiles/htdocs/angular-cakephp-auth/cake-php/lib/Cake/View/View.php(470): View->_getViewFileName(NULL)
#1 /Applications/XAMPP/xamppfiles/htdocs/angular-cakephp-auth/cake-php/lib/Cake/Controller/Controller.php(960): View->render(NULL, NULL)
#2 /Applications/XAMPP/xamppfiles/htdocs/angular-cakephp-auth/cake-php/lib/Cake/Routing/Dispatcher.php(200): Controller->render()
#3 /Applications/XAMPP/xamppfiles/htdocs/angular-cakephp-auth/cake-php/lib/Cake/Routing/Dispatcher.php(167): Dispatcher->_invoke(Object(UsersController), Object(CakeRequest))
#4 /Applications/XAMPP/xamppfiles/htdocs/angular-cakephp-auth/cake-php/app/webroot/index.php(118): Dispatcher->dispatch(Object(CakeRequest), Object(CakeResponse))
#5 {main}
2015-04-07 09:16:29 Error: [MissingViewException] View file "Users/login.ctp" is missing.
Exception Attributes: array (
  'file' => 'Users/login.ctp',
)
Request URL: /angular-cakephp-auth/cake-php/users/login
Stack Trace:
#0 /Applications/XAMPP/xamppfiles/htdocs/angular-cakephp-auth/cake-php/lib/Cake/View/View.php(470): View->_getViewFileName(NULL)
#1 /Applications/XAMPP/xamppfiles/htdocs/angular-cakephp-auth/cake-php/lib/Cake/Controller/Controller.php(960): View->render(NULL, NULL)
#2 /Applications/XAMPP/xamppfiles/htdocs/angular-cakephp-auth/cake-php/lib/Cake/Routing/Dispatcher.php(200): Controller->render()
#3 /Applications/XAMPP/xamppfiles/htdocs/angular-cakephp-auth/cake-php/lib/Cake/Routing/Dispatcher.php(167): Dispatcher->_invoke(Object(UsersController), Object(CakeRequest))
#4 /Applications/XAMPP/xamppfiles/htdocs/angular-cakephp-auth/cake-php/app/webroot/index.php(118): Dispatcher->dispatch(Object(CakeRequest), Object(CakeResponse))
#5 {main}
2015-04-07 09:17:03 Error: [MissingViewException] View file "Users/login.ctp" is missing.
Exception Attributes: array (
  'file' => 'Users/login.ctp',
)
Request URL: /angular-cakephp-auth/cake-php/users/login
Stack Trace:
#0 /Applications/XAMPP/xamppfiles/htdocs/angular-cakephp-auth/cake-php/lib/Cake/View/View.php(470): View->_getViewFileName(NULL)
#1 /Applications/XAMPP/xamppfiles/htdocs/angular-cakephp-auth/cake-php/lib/Cake/Controller/Controller.php(960): View->render(NULL, NULL)
#2 /Applications/XAMPP/xamppfiles/htdocs/angular-cakephp-auth/cake-php/lib/Cake/Routing/Dispatcher.php(200): Controller->render()
#3 /Applications/XAMPP/xamppfiles/htdocs/angular-cakephp-auth/cake-php/lib/Cake/Routing/Dispatcher.php(167): Dispatcher->_invoke(Object(UsersController), Object(CakeRequest))
#4 /Applications/XAMPP/xamppfiles/htdocs/angular-cakephp-auth/cake-php/app/webroot/index.php(118): Dispatcher->dispatch(Object(CakeRequest), Object(CakeResponse))
#5 {main}
2015-04-07 09:33:55 Error: Fatal Error (4): syntax error, unexpected '=>' (T_DOUBLE_ARROW) in [/Applications/XAMPP/xamppfiles/htdocs/angular-cakephp-auth/cake-php/app/Controller/UsersController.php, line 46]
2015-04-07 09:33:55 Error: [FatalErrorException] syntax error, unexpected '=>' (T_DOUBLE_ARROW)
Request URL: /angular-cakephp-auth/cake-php/users/login
Stack Trace:
#0 /Applications/XAMPP/xamppfiles/htdocs/angular-cakephp-auth/cake-php/lib/Cake/Error/ErrorHandler.php(213): ErrorHandler::handleFatalError(4, 'syntax error, u...', '/Applications/X...', 46)
#1 [internal function]: ErrorHandler::handleError(4, 'syntax error, u...', '/Applications/X...', 46, Array)
#2 /Applications/XAMPP/xamppfiles/htdocs/angular-cakephp-auth/cake-php/lib/Cake/Core/App.php(931): call_user_func('ErrorHandler::h...', 4, 'syntax error, u...', '/Applications/X...', 46, Array)
#3 /Applications/XAMPP/xamppfiles/htdocs/angular-cakephp-auth/cake-php/lib/Cake/Core/App.php(904): App::_checkFatalError()
#4 [internal function]: App::shutdown()
#5 {main}
2015-04-07 10:08:11 Error: Fatal Error (4): syntax error, unexpected '$user' (T_VARIABLE) in [/Applications/XAMPP/xamppfiles/htdocs/angular-cakephp-auth/cake-php/app/Controller/UsersController.php, line 44]
2015-04-07 10:08:11 Error: [FatalErrorException] syntax error, unexpected '$user' (T_VARIABLE)
Request URL: /angular-cakephp-auth/cake-php/users/login
Stack Trace:
#0 /Applications/XAMPP/xamppfiles/htdocs/angular-cakephp-auth/cake-php/lib/Cake/Error/ErrorHandler.php(213): ErrorHandler::handleFatalError(4, 'syntax error, u...', '/Applications/X...', 44)
#1 [internal function]: ErrorHandler::handleError(4, 'syntax error, u...', '/Applications/X...', 44, Array)
#2 /Applications/XAMPP/xamppfiles/htdocs/angular-cakephp-auth/cake-php/lib/Cake/Core/App.php(931): call_user_func('ErrorHandler::h...', 4, 'syntax error, u...', '/Applications/X...', 44, Array)
#3 /Applications/XAMPP/xamppfiles/htdocs/angular-cakephp-auth/cake-php/lib/Cake/Core/App.php(904): App::_checkFatalError()
#4 [internal function]: App::shutdown()
#5 {main}
2015-04-07 10:48:00 Error: Fatal Error (1): Cannot use object of type stdClass as array in [/Applications/XAMPP/xamppfiles/htdocs/angular-cakephp-auth/cake-php/app/Controller/UsersController.php, line 45]
2015-04-07 10:48:00 Error: [FatalErrorException] Cannot use object of type stdClass as array
Request URL: /angular-cakephp-auth/cake-php/users/login
Stack Trace:
#0 /Applications/XAMPP/xamppfiles/htdocs/angular-cakephp-auth/cake-php/lib/Cake/Error/ErrorHandler.php(213): ErrorHandler::handleFatalError(1, 'Cannot use obje...', '/Applications/X...', 45)
#1 [internal function]: ErrorHandler::handleError(1, 'Cannot use obje...', '/Applications/X...', 45, Array)
#2 /Applications/XAMPP/xamppfiles/htdocs/angular-cakephp-auth/cake-php/lib/Cake/Core/App.php(931): call_user_func('ErrorHandler::h...', 1, 'Cannot use obje...', '/Applications/X...', 45, Array)
#3 /Applications/XAMPP/xamppfiles/htdocs/angular-cakephp-auth/cake-php/lib/Cake/Core/App.php(904): App::_checkFatalError()
#4 [internal function]: App::shutdown()
#5 {main}
2015-04-07 10:48:13 Error: Fatal Error (1): Cannot use object of type stdClass as array in [/Applications/XAMPP/xamppfiles/htdocs/angular-cakephp-auth/cake-php/app/Controller/UsersController.php, line 45]
2015-04-07 10:48:13 Error: [FatalErrorException] Cannot use object of type stdClass as array
Request URL: /angular-cakephp-auth/cake-php/users/login
Stack Trace:
#0 /Applications/XAMPP/xamppfiles/htdocs/angular-cakephp-auth/cake-php/lib/Cake/Error/ErrorHandler.php(213): ErrorHandler::handleFatalError(1, 'Cannot use obje...', '/Applications/X...', 45)
#1 [internal function]: ErrorHandler::handleError(1, 'Cannot use obje...', '/Applications/X...', 45, Array)
#2 /Applications/XAMPP/xamppfiles/htdocs/angular-cakephp-auth/cake-php/lib/Cake/Core/App.php(931): call_user_func('ErrorHandler::h...', 1, 'Cannot use obje...', '/Applications/X...', 45, Array)
#3 /Applications/XAMPP/xamppfiles/htdocs/angular-cakephp-auth/cake-php/lib/Cake/Core/App.php(904): App::_checkFatalError()
#4 [internal function]: App::shutdown()
#5 {main}
2015-04-07 10:49:01 Error: Fatal Error (1): Cannot use object of type stdClass as array in [/Applications/XAMPP/xamppfiles/htdocs/angular-cakephp-auth/cake-php/app/Controller/UsersController.php, line 45]
2015-04-07 10:49:01 Error: [FatalErrorException] Cannot use object of type stdClass as array
Request URL: /angular-cakephp-auth/cake-php/users/login
Stack Trace:
#0 /Applications/XAMPP/xamppfiles/htdocs/angular-cakephp-auth/cake-php/lib/Cake/Error/ErrorHandler.php(213): ErrorHandler::handleFatalError(1, 'Cannot use obje...', '/Applications/X...', 45)
#1 [internal function]: ErrorHandler::handleError(1, 'Cannot use obje...', '/Applications/X...', 45, Array)
#2 /Applications/XAMPP/xamppfiles/htdocs/angular-cakephp-auth/cake-php/lib/Cake/Core/App.php(931): call_user_func('ErrorHandler::h...', 1, 'Cannot use obje...', '/Applications/X...', 45, Array)
#3 /Applications/XAMPP/xamppfiles/htdocs/angular-cakephp-auth/cake-php/lib/Cake/Core/App.php(904): App::_checkFatalError()
#4 [internal function]: App::shutdown()
#5 {main}
2015-04-07 10:50:45 Error: Fatal Error (1): Cannot use object of type stdClass as array in [/Applications/XAMPP/xamppfiles/htdocs/angular-cakephp-auth/cake-php/app/Controller/UsersController.php, line 44]
2015-04-07 10:50:45 Error: [FatalErrorException] Cannot use object of type stdClass as array
Request URL: /angular-cakephp-auth/cake-php/users/login
Stack Trace:
#0 /Applications/XAMPP/xamppfiles/htdocs/angular-cakephp-auth/cake-php/lib/Cake/Error/ErrorHandler.php(213): ErrorHandler::handleFatalError(1, 'Cannot use obje...', '/Applications/X...', 44)
#1 [internal function]: ErrorHandler::handleError(1, 'Cannot use obje...', '/Applications/X...', 44, Array)
#2 /Applications/XAMPP/xamppfiles/htdocs/angular-cakephp-auth/cake-php/lib/Cake/Core/App.php(931): call_user_func('ErrorHandler::h...', 1, 'Cannot use obje...', '/Applications/X...', 44, Array)
#3 /Applications/XAMPP/xamppfiles/htdocs/angular-cakephp-auth/cake-php/lib/Cake/Core/App.php(904): App::_checkFatalError()
#4 [internal function]: App::shutdown()
#5 {main}
2015-04-07 10:51:07 Error: Fatal Error (1): Cannot use object of type stdClass as array in [/Applications/XAMPP/xamppfiles/htdocs/angular-cakephp-auth/cake-php/app/Controller/UsersController.php, line 44]
2015-04-07 10:51:07 Error: [FatalErrorException] Cannot use object of type stdClass as array
Request URL: /angular-cakephp-auth/cake-php/users/login
Stack Trace:
#0 /Applications/XAMPP/xamppfiles/htdocs/angular-cakephp-auth/cake-php/lib/Cake/Error/ErrorHandler.php(213): ErrorHandler::handleFatalError(1, 'Cannot use obje...', '/Applications/X...', 44)
#1 [internal function]: ErrorHandler::handleError(1, 'Cannot use obje...', '/Applications/X...', 44, Array)
#2 /Applications/XAMPP/xamppfiles/htdocs/angular-cakephp-auth/cake-php/lib/Cake/Core/App.php(931): call_user_func('ErrorHandler::h...', 1, 'Cannot use obje...', '/Applications/X...', 44, Array)
#3 /Applications/XAMPP/xamppfiles/htdocs/angular-cakephp-auth/cake-php/lib/Cake/Core/App.php(904): App::_checkFatalError()
#4 [internal function]: App::shutdown()
#5 {main}
